#
# A fatal error has been detected by the Java Runtime Environment:
#
#  SIGBUS (0x7) at pc=0x00007fa49899deed, pid=10808, tid=0x00007fa429af5700
#
# JRE version: OpenJDK Runtime Environment (8.0_131-b11) (build 1.8.0_131-8u131-b11-0ubuntu1.16.04.2-b11)
# Java VM: OpenJDK 64-Bit Server VM (25.131-b11 mixed mode linux-amd64 compressed oops)
# Problematic frame:
# C  [libzip.so+0x4eed]
#
# Failed to write core dump. Core dumps have been disabled. To enable core dumping, try "ulimit -c unlimited" before starting Java again
#
# If you would like to submit a bug report, please visit:
#   http://bugreport.java.com/bugreport/crash.jsp
# The crash happened outside the Java Virtual Machine in native code.
# See problematic frame for where to report the bug.
#

---------------  T H R E A D  ---------------

Current thread (0x00007fa49658a000):  JavaThread "pool-27-thread-1" [_thread_in_native, id=11926, stack(0x00007fa4299f5000,0x00007fa429af6000)]

siginfo: si_signo: 7 (SIGBUS), si_code: 2 (BUS_ADRERR), si_addr: 0x00007fa468030f7e

Registers:
RAX=0x00007fa400094c40, RBX=0x00007fa4341063c0, RCX=0x00007fa468030f5e, RDX=0x00007fa400094c40
RSP=0x00007fa429aeec00, RBP=0x00007fa429aeec70, RSI=0x0000000000000050, RDI=0x00007fa400000138
R8 =0x00007fa400000138, R9 =0x00007fa49b1bf020, R10=0x00007fa4000000b8, R11=0x00000000ed626a48
R12=0x00007fa434139968, R13=0x00007fa429aeed10, R14=0x00007fa400000a00, R15=0x00007fa400094c40
RIP=0x00007fa49899deed, EFLAGS=0x0000000000010202, CSGSFS=0x0000000000000033, ERR=0x0000000000000004
  TRAPNO=0x000000000000000e

Top of Stack: (sp=0x00007fa429aeec00)
0x00007fa429aeec00:   00007fa429aeec60 0000003200c1d300
0x00007fa429aeec10:   00007fa429aeec40 0000000000000031
0x00007fa429aeec20:   00007fa49658a1e0 00000000ed6260a8
0x00007fa429aeec30:   000000009658a000 00007fa49ab40670
0x00007fa429aeec40:   0000000000000031 00007fa434139960
0x00007fa429aeec50:   00000000fabba37e 00007fa429aeed10
0x00007fa429aeec60:   00007fa400000a00 00007fa4341063c0
0x00007fa429aeec70:   00007fa429aeecc0 00007fa49899ec84
0x00007fa429aeec80:   00007fa429aeece0 0000003101c1d300
0x00007fa429aeec90:   00007fa429aeecc0 0000000000000031
0x00007fa429aeeca0:   00007fa49658a1e0 00000000ed626918
0x00007fa429aeecb0:   00007fa429aef138 00007fa4341063c0
0x00007fa429aeecc0:   00007fa429aef120 00007fa49899cbec
0x00007fa429aeecd0:   00007fa429aeece0 000000012fd06596
0x00007fa429aeece0:   63732f616c616373 766974616e616c61
0x00007fa429aeecf0:   756c7063736e2f65 4772694e2f6e6967
0x00007fa429aeed00:   6464416c61626f6c 73616c632e736e6f
0x00007fa429aeed10:   d6fa0a9db2620073 d6515a9692900306
0x00007fa429aeed20:   401bd72b21ebab28 e8f9fe861dce497f
0x00007fa429aeed30:   0fc15f087cea9c46 4a0c18273c19c1d2
0x00007fa429aeed40:   9a43f373272da505 4d661cabe6dd61f9
0x00007fa429aeed50:   c187e0bca67fbae6 26f4f9473ce04659
0x00007fa429aeed60:   f6756f50164d8fd1 863e9a46d1c8bc0f
0x00007fa429aeed70:   c072a52737f561a6 99a3bc431db9208a
0x00007fa429aeed80:   cab1cc1b1e265e78 9a995523025f68aa
0x00007fa429aeed90:   cecf572c56ce0b06 c0bc86439997dd9a
0x00007fa429aeeda0:   ce97e734844a3318 0ea282b50297e7d5
0x00007fa429aeedb0:   860ba82bac300d50 b5797981860e945a
0x00007fa429aeedc0:   9beb860e9ef21941 466b2aed58166611
0x00007fa429aeedd0:   913739d41d563c17 ba04f9cc08fbc5bb
0x00007fa429aeede0:   4528d49a91dd0cad 921744db19be8c77
0x00007fa429aeedf0:   91e64c35e1c05ab5 6114fd9aa458cd25 

Instructions: (pc=0x00007fa49899deed)
0x00007fa49899decd:   40 30 00 00 00 00 48 c7 40 28 00 00 00 00 0f 84
0x00007fa49899dedd:   bf 01 00 00 49 8b 0c 24 48 2b 4b 28 48 03 4b 18
0x00007fa49899deed:   0f b7 41 20 44 0f b7 69 1c 49 89 ce 44 0f b7 61
0x00007fa49899defd:   1e 89 45 c0 41 8b 46 0c 48 c7 45 c8 00 00 00 00 

Register to memory mapping:

RAX=0x00007fa400094c40 is an unknown value
RBX=0x00007fa4341063c0 is an unknown value
RCX=0x00007fa468030f5e is an unknown value
RDX=0x00007fa400094c40 is an unknown value
RSP=0x00007fa429aeec00 is pointing into the stack for thread: 0x00007fa49658a000
RBP=0x00007fa429aeec70 is pointing into the stack for thread: 0x00007fa49658a000
RSI=0x0000000000000050 is an unknown value
RDI=0x00007fa400000138 is an unknown value
R8 =0x00007fa400000138 is an unknown value
R9 =0x00007fa49b1bf020: <offset 0xef4020> in /usr/lib/jvm/java-8-openjdk-amd64/jre/lib/amd64/server/libjvm.so at 0x00007fa49a2cb000
R10=0x00007fa4000000b8 is an unknown value
R11=0x00000000ed626a48 is an oop
