#
# A fatal error has been detected by the Java Runtime Environment:
#
#  SIGBUS (0x7) at pc=0x00007f2d102f9eed, pid=16696, tid=0x00007f2cf8bf6700
#
# JRE version: OpenJDK Runtime Environment (8.0_131-b11) (build 1.8.0_131-8u131-b11-0ubuntu1.16.04.2-b11)
# Java VM: OpenJDK 64-Bit Server VM (25.131-b11 mixed mode linux-amd64 compressed oops)
# Problematic frame:
# C  [libzip.so+0x4eed]
#
# Failed to write core dump. Core dumps have been disabled. To enable core dumping, try "ulimit -c unlimited" before starting Java again
#
# If you would like to submit a bug report, please visit:
#   http://bugreport.java.com/bugreport/crash.jsp
# The crash happened outside the Java Virtual Machine in native code.
# See problematic frame for where to report the bug.
#

---------------  T H R E A D  ---------------

Current thread (0x00007f2d0d75c000):  JavaThread "pool-5-thread-4" [_thread_in_native, id=16823, stack(0x00007f2cf8af6000,0x00007f2cf8bf7000)]

siginfo: si_signo: 7 (SIGBUS), si_code: 2 (BUS_ADRERR), si_addr: 0x00007f2ca9a29b73

Registers:
RAX=0x00007f2cb823ba60, RBX=0x00007f2cb8072540, RCX=0x00007f2ca9a29b53, RDX=0x00007f2cb823ba60
RSP=0x00007f2cf8befae0, RBP=0x00007f2cf8befb50, RSI=0x000000000000400c, RDI=0x0000000000000000
R8 =0x00007f2cb8000678, R9 =0x00007f2d12b1b020, R10=0x00007f2cb823ba50, R11=0x00000000f6dfd5d0
R12=0x00007f2cb8233fd8, R13=0x00007f2cf8befbe2, R14=0x00007f2cb8083e20, R15=0x00007f2cb823ba60
RIP=0x00007f2d102f9eed, EFLAGS=0x0000000000010206, CSGSFS=0x0000000000000033, ERR=0x0000000000000004
  TRAPNO=0x000000000000000e

Top of Stack: (sp=0x00007f2cf8befae0)
0x00007f2cf8befae0:   00007f2cf8befb40 0000002400b93e00
0x00007f2cf8befaf0:   00007f2cf8befb20 0000000000000023
0x00007f2cf8befb00:   00007f2d0d75c1e0 00000000c391a6b0
0x00007f2cf8befb10:   000000000d75c000 00007f2d1249c670
0x00007f2cf8befb20:   0000000000000023 00007f2cb8233fd0
0x00007f2cf8befb30:   00000000cfdcff18 00007f2cf8befbe2
0x00007f2cf8befb40:   00007f2cb8083e20 00007f2cb8072540
0x00007f2cf8befb50:   00007f2cf8befba0 00007f2d102fac84
0x00007f2cf8befb60:   00007f2cf8befbc0 0000002301b93e00
0x00007f2cf8befb70:   00007f2cf8befba0 0000000000000023
0x00007f2cf8befb80:   00007f2d0d75c1e0 00000000f5b63458
0x00007f2cf8befb90:   00007f2cf8bf0018 00007f2cb8072540
0x00007f2cf8befba0:   00007f2cf8bf0000 00007f2d102f8bec
0x00007f2cf8befbb0:   00007f2cf8befbc0 00000001722f656d
0x00007f2cf8befbc0:   63732f616c616373 766974616e616c61
0x00007f2cf8befbd0:   6e492f72696e2f65 6c632e6643247473
0x00007f2cf8befbe0:   325f6e6900737361 302f31312e31312e
0x00007f2cf8befbf0:   414e532d302e332e 616a2f544f485350
0x00007f2cf8befc00:   6c7063736e2f7372 312e325f6e696775
0x00007f2cf8befc10:   72616a2e31312e31 0de1b955f9b93e00
0x00007f2cf8befc20:   b8e076f8fa3815d2 00007f2cd477d530
0x00007f2cf8befc30:   00007f2d0d75c000 00007f2cf8beff58
0x00007f2cf8befc40:   00000000f5b5f700 00007f2cf8beff58
0x00007f2cf8befc50:   00007f2cf8befc80 00007f2d125f9ea5
0x00007f2cf8befc60:   0000000000000026 00007f2d0d75c000
0x00007f2cf8befc70:   00007f2d12b4356c 00007f2d0e057740
0x00007f2cf8befc80:   00007f2cf8befcc0 00007f2d11fcd4ef
0x00007f2cf8befc90:   0000000000000009 00007f2cf8beff58
0x00007f2cf8befca0:   0000000000000000 00000000f6df7680
0x00007f2cf8befcb0:   00007f2cf8befed0 00007f2d0d75c000
0x00007f2cf8befcc0:   00007f2cf8befea0 00007f2d040fc765
0x00007f2cf8befcd0:   00007f2cf8befe90 00007f2cf8befdc0 

Instructions: (pc=0x00007f2d102f9eed)
0x00007f2d102f9ecd:   40 30 00 00 00 00 48 c7 40 28 00 00 00 00 0f 84
0x00007f2d102f9edd:   bf 01 00 00 49 8b 0c 24 48 2b 4b 28 48 03 4b 18
0x00007f2d102f9eed:   0f b7 41 20 44 0f b7 69 1c 49 89 ce 44 0f b7 61
0x00007f2d102f9efd:   1e 89 45 c0 41 8b 46 0c 48 c7 45 c8 00 00 00 00 

Register to memory mapping:

RAX=0x00007f2cb823ba60 is an unknown value
RBX=0x00007f2cb8072540 is an unknown value
RCX=0x00007f2ca9a29b53 is an unknown value
RDX=0x00007f2cb823ba60 is an unknown value
RSP=0x00007f2cf8befae0 is pointing into the stack for thread: 0x00007f2d0d75c000
RBP=0x00007f2cf8befb50 is pointing into the stack for thread: 0x00007f2d0d75c000
RSI=0x000000000000400c is an unknown value
RDI=0x0000000000000000 is an unknown value
R8 =0x00007f2cb8000678 is an unknown value
R9 =0x00007f2d12b1b020: <offset 0xef4020> in /usr/lib/jvm/java-8-openjdk-amd64/jre/lib/amd64/server/libjvm.so at 0x00007f2d11c27000
R10=0x00007f2cb823ba50 is an unknown value
R11=0x00000000f6dfd5d0 is an oop
