#
# A fatal error has been detected by the Java Runtime Environment:
#
#  SIGBUS (0x7) at pc=0x00007f09d88b4eed, pid=6974, tid=0x00007f09c139e700
#
# JRE version: OpenJDK Runtime Environment (8.0_131-b11) (build 1.8.0_131-8u131-b11-0ubuntu1.16.04.2-b11)
# Java VM: OpenJDK 64-Bit Server VM (25.131-b11 mixed mode linux-amd64 compressed oops)
# Problematic frame:
# C  [libzip.so+0x4eed]
#
# Failed to write core dump. Core dumps have been disabled. To enable core dumping, try "ulimit -c unlimited" before starting Java again
#
# If you would like to submit a bug report, please visit:
#   http://bugreport.java.com/bugreport/crash.jsp
# The crash happened outside the Java Virtual Machine in native code.
# See problematic frame for where to report the bug.
#

---------------  T H R E A D  ---------------

Current thread (0x00007f09d50de000):  JavaThread "pool-7-thread-3" [_thread_in_native, id=7399, stack(0x00007f09c129e000,0x00007f09c139f000)]

siginfo: si_signo: 7 (SIGBUS), si_code: 2 (BUS_ADRERR), si_addr: 0x00007f09c004cf7e

Registers:
RAX=0x00007f098800f610, RBX=0x00007f097c045db0, RCX=0x00007f09c004cf5e, RDX=0x00007f098800f610
RSP=0x00007f09c1397e20, RBP=0x00007f09c1397e90, RSI=0x0000000000000050, RDI=0x00007f0988000098
R8 =0x00007f0988000098, R9 =0x00007f09db0d6020, R10=0x00007f09880000b8, R11=0x00000000ed5c75b0
R12=0x00007f097c192928, R13=0x00007f09c1397f30, R14=0x00007f0988007c70, R15=0x00007f098800f610
RIP=0x00007f09d88b4eed, EFLAGS=0x0000000000010202, CSGSFS=0x0000000000000033, ERR=0x0000000000000004
  TRAPNO=0x000000000000000e

Top of Stack: (sp=0x00007f09c1397e20)
0x00007f09c1397e20:   00007f09c1397e80 00000032001f5300
0x00007f09c1397e30:   00007f09c1397e60 0000000000000031
0x00007f09c1397e40:   00007f09d50de1e0 00000000c3c593c8
0x00007f09c1397e50:   00000000d50de000 00007f09daa57670
0x00007f09c1397e60:   0000000000000031 00007f097c192920
0x00007f09c1397e70:   00000000fabba37e 00007f09c1397f30
0x00007f09c1397e80:   00007f0988007c70 00007f097c045db0
0x00007f09c1397e90:   00007f09c1397ee0 00007f09d88b5c84
0x00007f09c1397ea0:   00007f09c1397f00 00000031011f5300
0x00007f09c1397eb0:   00007f09c1397ee0 0000000000000031
0x00007f09c1397ec0:   00007f09d50de1e0 00000000ed56fbf8
0x00007f09c1397ed0:   00007f09c1398358 00007f097c045db0
0x00007f09c1397ee0:   00007f09c1398340 00007f09d88b3bec
0x00007f09c1397ef0:   00007f09c1397f00 00000001edc9f7c8
0x00007f09c1397f00:   63732f616c616373 766974616e616c61
0x00007f09c1397f10:   756c7063736e2f65 4772694e2f6e6967
0x00007f09c1397f20:   6464416c61626f6c 73616c632e736e6f
0x00007f09c1397f30:   00000000edc90073 0000000000000e50
0x00007f09c1397f40:   00000e5300008000 000000e500000e50
0x00007f09c1397f50:   00008e5400000e54 00007f0988067c50
0x00007f09c1397f60:   0000000000000e53 0000000000000e54
0x00007f09c1397f70:   00007f0988067c40 0000000000000002
0x00007f09c1397f80:   0000000000000000 0000000000000000
0x00007f09c1397f90:   00007f09a0ad3cd0 001b001900140007
0x00007f09c1397fa0:   0000000000000e28 00000000000046de
0x00007f09c1397fb0:   374f266a5ab29e4c 3cf96aaf651f5300
0x00007f09c1397fc0:   00007f09d50de000 00000000ed56cd38
0x00007f09c1397fd0:   00000000ed5c5950 0000000000000000
0x00007f09c1397fe0:   0000000000000005 00000000ed56d080
0x00007f09c1397ff0:   0000000000000001 00000000ed5c5940
0x00007f09c1398000:   00000000c0070e00 0000000000000374
0x00007f09c1398010:   00007f09c1398040 00007f09c1398040 

Instructions: (pc=0x00007f09d88b4eed)
0x00007f09d88b4ecd:   40 30 00 00 00 00 48 c7 40 28 00 00 00 00 0f 84
0x00007f09d88b4edd:   bf 01 00 00 49 8b 0c 24 48 2b 4b 28 48 03 4b 18
0x00007f09d88b4eed:   0f b7 41 20 44 0f b7 69 1c 49 89 ce 44 0f b7 61
0x00007f09d88b4efd:   1e 89 45 c0 41 8b 46 0c 48 c7 45 c8 00 00 00 00 

Register to memory mapping:

RAX=0x00007f098800f610 is an unknown value
RBX=0x00007f097c045db0 is an unknown value
RCX=0x00007f09c004cf5e is an unknown value
RDX=0x00007f098800f610 is an unknown value
RSP=0x00007f09c1397e20 is pointing into the stack for thread: 0x00007f09d50de000
RBP=0x00007f09c1397e90 is pointing into the stack for thread: 0x00007f09d50de000
RSI=0x0000000000000050 is an unknown value
RDI=0x00007f0988000098 is an unknown value
R8 =0x00007f0988000098 is an unknown value
R9 =0x00007f09db0d6020: <offset 0xef4020> in /usr/lib/jvm/java-8-openjdk-amd64/jre/lib/amd64/server/libjvm.so at 0x00007f09da1e2000
R10=0x00007f09880000b8 is an unknown value
R11=0x00000000ed5c75b0 is an oop
